This file contains any messages produced by compilers while
running configure, to aid debugging if configure makes a mistake.

It was created by configure, which was
generated by GNU Autoconf 2.69.  Invocation command line was

  $ ../configure --with-thread=pthread

## --------- ##
## Platform. ##
## --------- ##

hostname = login
uname -m = x86_64
uname -r = 4.4.0-34-generic
uname -s = Linux
uname -v = #53-Ubuntu SMP Wed Jul 27 16:06:39 UTC 2016

/usr/bin/uname -p = unknown
/bin/uname -X     = unknown

/bin/arch              = unknown
/usr/bin/arch -k       = unknown
/usr/convex/getsysinfo = unknown
/usr/bin/hostinfo      = unknown
/bin/machine           = unknown
/usr/bin/oslevel       = unknown
/bin/universe          = unknown

PATH: /usr/local/anaconda3/bin
PATH: /usr/local/cs/bin/sun4
PATH: /usr/local/cs/rtp/program/bin
PATH: /usr/local/cs/rtp/program/buildroot/build_cris/staging_dir/bin/
PATH: /usr/local/cs/bin/common
PATH: /usr/local/cs/bin
PATH: /usr/local/sbin
PATH: /usr/local/bin
PATH: /usr/sbin
PATH: /usr/bin
PATH: /sbin
PATH: /bin
PATH: /usr/games
PATH: /usr/local/games
PATH: /snap/bin
PATH: /usr/lib/jvm/java-8-oracle/bin
PATH: /usr/lib/jvm/java-8-oracle/db/bin
PATH: /usr/lib/jvm/java-8-oracle/jre/bin
PATH: /usr/local/cs/acm/pc2
PATH: /usr/local/cs/ipvt/tools/bin
PATH: /usr/local/cs/EDAN01/minizinc-2.0.14/bin
PATH: /opt/ghc/7.10.2/bin
PATH: /usr/local/cs/EDAF45/cloc-1.72
PATH: /usr/local/cs/EDAF45/pmd/bin


## ----------- ##
## Core tests. ##
## ----------- ##

configure:2131: checking build system type
configure:2145: result: x86_64-pc-linux-gnu
configure:2165: checking host system type
configure:2178: result: x86_64-pc-linux-gnu
configure:2198: checking target system type
configure:2211: result: x86_64-pc-linux-gnu
configure:2256: checking for a BSD-compatible install
configure:2324: result: /usr/bin/install -c
configure:2335: checking whether build environment is sane
configure:2390: result: yes
configure:2541: checking for a thread-safe mkdir -p
configure:2580: result: /bin/mkdir -p
configure:2587: checking for gawk
configure:2603: found /usr/bin/gawk
configure:2614: result: gawk
configure:2625: checking whether make sets $(MAKE)
configure:2647: result: yes
configure:2676: checking whether make supports nested variables
configure:2693: result: yes
configure:2841: checking for style of include used by make
configure:2869: result: GNU
configure:2941: checking for gcj
configure:2971: result: no
configure:3000: checking dependency style of gcj
configure:3109: result: none
configure:3146: result: Host is
host: x86_64-pc-linux-gnu
host_cpu: x86_64
host_vendor: pc
host_os: linux-gnu
configure:4511: checking for gcc
configure:4527: found /usr/bin/gcc
configure:4538: result: gcc
configure:4767: checking for C compiler version
configure:4776: gcc --version >&5
gcc (Ubuntu 5.4.0-6ubuntu1~16.04.4) 5.4.0 20160609
Copyright (C) 2015 Free Software Foundation, Inc.
This is free software; see the source for copying conditions.  There is NO
warranty; not even for MERCHANTABILITY or FITNESS FOR A PARTICULAR PURPOSE.

configure:4787: $? = 0
configure:4776: gcc -v >&5
Using built-in specs.
COLLECT_GCC=gcc
COLLECT_LTO_WRAPPER=/usr/lib/gcc/x86_64-linux-gnu/5/lto-wrapper
Target: x86_64-linux-gnu
Configured with: ../src/configure -v --with-pkgversion='Ubuntu 5.4.0-6ubuntu1~16.04.4' --with-bugurl=file:///usr/share/doc/gcc-5/README.Bugs --enable-languages=c,ada,c++,java,go,d,fortran,objc,obj-c++ --prefix=/usr --program-suffix=-5 --enable-shared --enable-linker-build-id --libexecdir=/usr/lib --without-included-gettext --enable-threads=posix --libdir=/usr/lib --enable-nls --with-sysroot=/ --enable-clocale=gnu --enable-libstdcxx-debug --enable-libstdcxx-time=yes --with-default-libstdcxx-abi=new --enable-gnu-unique-object --disable-vtable-verify --enable-libmpx --enable-plugin --with-system-zlib --disable-browser-plugin --enable-java-awt=gtk --enable-gtk-cairo --with-java-home=/usr/lib/jvm/java-1.5.0-gcj-5-amd64/jre --enable-java-home --with-jvm-root-dir=/usr/lib/jvm/java-1.5.0-gcj-5-amd64 --with-jvm-jar-dir=/usr/lib/jvm-exports/java-1.5.0-gcj-5-amd64 --with-arch-directory=amd64 --with-ecj-jar=/usr/share/java/eclipse-ecj.jar --enable-objc-gc --enable-multiarch --disable-werror --with-arch-32=i686 --with-abi=m64 --with-multilib-list=m32,m64,mx32 --enable-multilib --with-tune=generic --enable-checking=release --build=x86_64-linux-gnu --host=x86_64-linux-gnu --target=x86_64-linux-gnu
Thread model: posix
gcc version 5.4.0 20160609 (Ubuntu 5.4.0-6ubuntu1~16.04.4) 
configure:4787: $? = 0
configure:4776: gcc -V >&5
gcc: error: unrecognized command line option '-V'
gcc: fatal error: no input files
compilation terminated.
configure:4787: $? = 1
configure:4776: gcc -qversion >&5
gcc: error: unrecognized command line option '-qversion'
gcc: fatal error: no input files
compilation terminated.
configure:4787: $? = 1
configure:4807: checking whether the C compiler works
configure:4829: gcc -pthread -I/usr/include/gtk-2.0 -I/usr/lib/x86_64-linux-gnu/gtk-2.0/include -I/usr/include/gio-unix-2.0/ -I/usr/include/cairo -I/usr/include/pango-1.0 -I/usr/include/atk-1.0 -I/usr/include/cairo -I/usr/include/pixman-1 -I/usr/include/libpng12 -I/usr/include/gdk-pixbuf-2.0 -I/usr/include/libpng12 -I/usr/include/pango-1.0 -I/usr/include/harfbuzz -I/usr/include/pango-1.0 -I/usr/include/glib-2.0 -I/usr/lib/x86_64-linux-gnu/glib-2.0/include -I/usr/include/freetype2   conftest.c -lgtk-x11-2.0 -lgdk-x11-2.0 -lpangocairo-1.0 -latk-1.0 -lcairo -lgdk_pixbuf-2.0 -lgio-2.0 -lpangoft2-1.0 -lpango-1.0 -lgobject-2.0 -lglib-2.0 -lfontconfig -lfreetype >&5
configure:4833: $? = 0
configure:4881: result: yes
configure:4884: checking for C compiler default output file name
configure:4886: result: a.out
configure:4892: checking for suffix of executables
configure:4899: gcc -o conftest -pthread -I/usr/include/gtk-2.0 -I/usr/lib/x86_64-linux-gnu/gtk-2.0/include -I/usr/include/gio-unix-2.0/ -I/usr/include/cairo -I/usr/include/pango-1.0 -I/usr/include/atk-1.0 -I/usr/include/cairo -I/usr/include/pixman-1 -I/usr/include/libpng12 -I/usr/include/gdk-pixbuf-2.0 -I/usr/include/libpng12 -I/usr/include/pango-1.0 -I/usr/include/harfbuzz -I/usr/include/pango-1.0 -I/usr/include/glib-2.0 -I/usr/lib/x86_64-linux-gnu/glib-2.0/include -I/usr/include/freetype2   conftest.c -lgtk-x11-2.0 -lgdk-x11-2.0 -lpangocairo-1.0 -latk-1.0 -lcairo -lgdk_pixbuf-2.0 -lgio-2.0 -lpangoft2-1.0 -lpango-1.0 -lgobject-2.0 -lglib-2.0 -lfontconfig -lfreetype >&5
configure:4903: $? = 0
configure:4925: result: 
configure:4947: checking whether we are cross compiling
configure:4955: gcc -o conftest -pthread -I/usr/include/gtk-2.0 -I/usr/lib/x86_64-linux-gnu/gtk-2.0/include -I/usr/include/gio-unix-2.0/ -I/usr/include/cairo -I/usr/include/pango-1.0 -I/usr/include/atk-1.0 -I/usr/include/cairo -I/usr/include/pixman-1 -I/usr/include/libpng12 -I/usr/include/gdk-pixbuf-2.0 -I/usr/include/libpng12 -I/usr/include/pango-1.0 -I/usr/include/harfbuzz -I/usr/include/pango-1.0 -I/usr/include/glib-2.0 -I/usr/lib/x86_64-linux-gnu/glib-2.0/include -I/usr/include/freetype2   conftest.c -lgtk-x11-2.0 -lgdk-x11-2.0 -lpangocairo-1.0 -latk-1.0 -lcairo -lgdk_pixbuf-2.0 -lgio-2.0 -lpangoft2-1.0 -lpango-1.0 -lgobject-2.0 -lglib-2.0 -lfontconfig -lfreetype >&5
configure:4959: $? = 0
configure:4966: ./conftest
configure:4970: $? = 0
configure:4985: result: no
configure:4990: checking for suffix of object files
configure:5012: gcc -c -pthread -I/usr/include/gtk-2.0 -I/usr/lib/x86_64-linux-gnu/gtk-2.0/include -I/usr/include/gio-unix-2.0/ -I/usr/include/cairo -I/usr/include/pango-1.0 -I/usr/include/atk-1.0 -I/usr/include/cairo -I/usr/include/pixman-1 -I/usr/include/libpng12 -I/usr/include/gdk-pixbuf-2.0 -I/usr/include/libpng12 -I/usr/include/pango-1.0 -I/usr/include/harfbuzz -I/usr/include/pango-1.0 -I/usr/include/glib-2.0 -I/usr/lib/x86_64-linux-gnu/glib-2.0/include -I/usr/include/freetype2  conftest.c >&5
configure:5016: $? = 0
configure:5037: result: o
configure:5041: checking whether we are using the GNU C compiler
configure:5060: gcc -c -pthread -I/usr/include/gtk-2.0 -I/usr/lib/x86_64-linux-gnu/gtk-2.0/include -I/usr/include/gio-unix-2.0/ -I/usr/include/cairo -I/usr/include/pango-1.0 -I/usr/include/atk-1.0 -I/usr/include/cairo -I/usr/include/pixman-1 -I/usr/include/libpng12 -I/usr/include/gdk-pixbuf-2.0 -I/usr/include/libpng12 -I/usr/include/pango-1.0 -I/usr/include/harfbuzz -I/usr/include/pango-1.0 -I/usr/include/glib-2.0 -I/usr/lib/x86_64-linux-gnu/glib-2.0/include -I/usr/include/freetype2  conftest.c >&5
configure:5060: $? = 0
configure:5069: result: yes
configure:5078: checking whether gcc accepts -g
configure:5098: gcc -c -g  conftest.c >&5
configure:5098: $? = 0
configure:5139: result: yes
configure:5156: checking for gcc option to accept ISO C89
configure:5219: gcc  -c -pthread -I/usr/include/gtk-2.0 -I/usr/lib/x86_64-linux-gnu/gtk-2.0/include -I/usr/include/gio-unix-2.0/ -I/usr/include/cairo -I/usr/include/pango-1.0 -I/usr/include/atk-1.0 -I/usr/include/cairo -I/usr/include/pixman-1 -I/usr/include/libpng12 -I/usr/include/gdk-pixbuf-2.0 -I/usr/include/libpng12 -I/usr/include/pango-1.0 -I/usr/include/harfbuzz -I/usr/include/pango-1.0 -I/usr/include/glib-2.0 -I/usr/lib/x86_64-linux-gnu/glib-2.0/include -I/usr/include/freetype2  conftest.c >&5
configure:5219: $? = 0
configure:5232: result: none needed
configure:5257: checking whether gcc understands -c and -o together
configure:5279: gcc -c conftest.c -o conftest2.o
configure:5282: $? = 0
configure:5279: gcc -c conftest.c -o conftest2.o
configure:5282: $? = 0
configure:5294: result: yes
configure:5313: checking dependency style of gcc
configure:5424: result: gcc3
configure:5444: checking how to run the C preprocessor
configure:5475: gcc -E  conftest.c
configure:5475: $? = 0
configure:5489: gcc -E  conftest.c
conftest.c:30:28: fatal error: ac_nonexistent.h: No such file or directory
compilation terminated.
configure:5489: $? = 1
configure: failed program was:
| /* confdefs.h */
| #define PACKAGE_NAME ""
| #define PACKAGE_TARNAME ""
| #define PACKAGE_VERSION ""
| #define PACKAGE_STRING ""
| #define PACKAGE_BUGREPORT ""
| #define PACKAGE_URL ""
| #define PACKAGE "Main"
| #define VERSION "autotools-0.0.1"
| #define JAVA_2_C 1
| #define BITS64 1
| #define HAS_FLOAT 1
| #define LINUX 1
| #define GC_NODEBUG 1
| #define GC_HEAPSIZE (1000000)
| #define GC_THREAD 1
| #define HAS_EXCEPTIONS 2
| #define GC_ALGORITHM 2
| #define GC_HAS_THREADS 1
| #define GC_NODEBUG 1
| #define GC_IS_INCREMENTAL 1
| #define GC_HAS_FINALIZERS 1
| #define GC_LAZY_GET_THREAD_ROOT 1
| #define GC__REF_CALL_PARAMS 1
| #define _RT_NORMAL_PR_JAVA (5)
| #define _RT_SCHEDULING_POSIX (2)
| #define _AVR_EXT_MEM 1
| #define HAS_REFLECTION 1
| /* end confdefs.h.  */
| #include <ac_nonexistent.h>
configure:5514: result: gcc -E
configure:5534: gcc -E  conftest.c
configure:5534: $? = 0
configure:5548: gcc -E  conftest.c
conftest.c:30:28: fatal error: ac_nonexistent.h: No such file or directory
compilation terminated.
configure:5548: $? = 1
configure: failed program was:
| /* confdefs.h */
| #define PACKAGE_NAME ""
| #define PACKAGE_TARNAME ""
| #define PACKAGE_VERSION ""
| #define PACKAGE_STRING ""
| #define PACKAGE_BUGREPORT ""
| #define PACKAGE_URL ""
| #define PACKAGE "Main"
| #define VERSION "autotools-0.0.1"
| #define JAVA_2_C 1
| #define BITS64 1
| #define HAS_FLOAT 1
| #define LINUX 1
| #define GC_NODEBUG 1
| #define GC_HEAPSIZE (1000000)
| #define GC_THREAD 1
| #define HAS_EXCEPTIONS 2
| #define GC_ALGORITHM 2
| #define GC_HAS_THREADS 1
| #define GC_NODEBUG 1
| #define GC_IS_INCREMENTAL 1
| #define GC_HAS_FINALIZERS 1
| #define GC_LAZY_GET_THREAD_ROOT 1
| #define GC__REF_CALL_PARAMS 1
| #define _RT_NORMAL_PR_JAVA (5)
| #define _RT_SCHEDULING_POSIX (2)
| #define _AVR_EXT_MEM 1
| #define HAS_REFLECTION 1
| /* end confdefs.h.  */
| #include <ac_nonexistent.h>
configure:5623: checking for ranlib
configure:5639: found /usr/bin/ranlib
configure:5650: result: ranlib
configure:5715: checking for ar
configure:5731: found /usr/bin/ar
configure:5742: result: ar
configure:5772: checking for grep that handles long lines and -e
configure:5830: result: /bin/grep
configure:5835: checking for egrep
configure:5897: result: /bin/grep -E
configure:5902: checking for ANSI C header files
configure:5922: gcc -c -pthread -I/usr/include/gtk-2.0 -I/usr/lib/x86_64-linux-gnu/gtk-2.0/include -I/usr/include/gio-unix-2.0/ -I/usr/include/cairo -I/usr/include/pango-1.0 -I/usr/include/atk-1.0 -I/usr/include/cairo -I/usr/include/pixman-1 -I/usr/include/libpng12 -I/usr/include/gdk-pixbuf-2.0 -I/usr/include/libpng12 -I/usr/include/pango-1.0 -I/usr/include/harfbuzz -I/usr/include/pango-1.0 -I/usr/include/glib-2.0 -I/usr/lib/x86_64-linux-gnu/glib-2.0/include -I/usr/include/freetype2  conftest.c >&5
configure:5922: $? = 0
configure:5995: gcc -o conftest -pthread -I/usr/include/gtk-2.0 -I/usr/lib/x86_64-linux-gnu/gtk-2.0/include -I/usr/include/gio-unix-2.0/ -I/usr/include/cairo -I/usr/include/pango-1.0 -I/usr/include/atk-1.0 -I/usr/include/cairo -I/usr/include/pixman-1 -I/usr/include/libpng12 -I/usr/include/gdk-pixbuf-2.0 -I/usr/include/libpng12 -I/usr/include/pango-1.0 -I/usr/include/harfbuzz -I/usr/include/pango-1.0 -I/usr/include/glib-2.0 -I/usr/lib/x86_64-linux-gnu/glib-2.0/include -I/usr/include/freetype2   conftest.c -lgtk-x11-2.0 -lgdk-x11-2.0 -lpangocairo-1.0 -latk-1.0 -lcairo -lgdk_pixbuf-2.0 -lgio-2.0 -lpangoft2-1.0 -lpango-1.0 -lgobject-2.0 -lglib-2.0 -lfontconfig -lfreetype >&5
configure:5995: $? = 0
configure:5995: ./conftest
configure:5995: $? = 0
configure:6006: result: yes
configure:6015: checking for an ANSI C-conforming const
configure:6081: gcc -c -pthread -I/usr/include/gtk-2.0 -I/usr/lib/x86_64-linux-gnu/gtk-2.0/include -I/usr/include/gio-unix-2.0/ -I/usr/include/cairo -I/usr/include/pango-1.0 -I/usr/include/atk-1.0 -I/usr/include/cairo -I/usr/include/pixman-1 -I/usr/include/libpng12 -I/usr/include/gdk-pixbuf-2.0 -I/usr/include/libpng12 -I/usr/include/pango-1.0 -I/usr/include/harfbuzz -I/usr/include/pango-1.0 -I/usr/include/glib-2.0 -I/usr/lib/x86_64-linux-gnu/glib-2.0/include -I/usr/include/freetype2  conftest.c >&5
configure:6081: $? = 0
configure:6088: result: yes
configure:6217: checking that generated files are newer than configure
configure:6223: result: done
configure:6306: creating ./config.status

## ---------------------- ##
## Running config.status. ##
## ---------------------- ##

This file was extended by config.status, which was
generated by GNU Autoconf 2.69.  Invocation command line was

  CONFIG_FILES    = 
  CONFIG_HEADERS  = 
  CONFIG_LINKS    = 
  CONFIG_COMMANDS = 
  $ ./config.status 

on login

config.status:929: creating Makefile
config.status:929: creating config.h
config.status:1143: executing depfiles commands

## ---------------- ##
## Cache variables. ##
## ---------------- ##

ac_cv_build=x86_64-pc-linux-gnu
ac_cv_c_compiler_gnu=yes
ac_cv_c_const=yes
ac_cv_env_CC_set=
ac_cv_env_CC_value=
ac_cv_env_CFLAGS_set=set
ac_cv_env_CFLAGS_value='-pthread -I/usr/include/gtk-2.0 -I/usr/lib/x86_64-linux-gnu/gtk-2.0/include -I/usr/include/gio-unix-2.0/ -I/usr/include/cairo -I/usr/include/pango-1.0 -I/usr/include/atk-1.0 -I/usr/include/cairo -I/usr/include/pixman-1 -I/usr/include/libpng12 -I/usr/include/gdk-pixbuf-2.0 -I/usr/include/libpng12 -I/usr/include/pango-1.0 -I/usr/include/harfbuzz -I/usr/include/pango-1.0 -I/usr/include/glib-2.0 -I/usr/lib/x86_64-linux-gnu/glib-2.0/include -I/usr/include/freetype2'
ac_cv_env_CPPFLAGS_set=
ac_cv_env_CPPFLAGS_value=
ac_cv_env_CPP_set=
ac_cv_env_CPP_value=
ac_cv_env_LDFLAGS_set=
ac_cv_env_LDFLAGS_value=
ac_cv_env_LIBS_set=set
ac_cv_env_LIBS_value='-lgtk-x11-2.0 -lgdk-x11-2.0 -lpangocairo-1.0 -latk-1.0 -lcairo -lgdk_pixbuf-2.0 -lgio-2.0 -lpangoft2-1.0 -lpango-1.0 -lgobject-2.0 -lglib-2.0 -lfontconfig -lfreetype'
ac_cv_env_build_alias_set=
ac_cv_env_build_alias_value=
ac_cv_env_host_alias_set=
ac_cv_env_host_alias_value=
ac_cv_env_target_alias_set=
ac_cv_env_target_alias_value=
ac_cv_header_stdc=yes
ac_cv_host=x86_64-pc-linux-gnu
ac_cv_objext=o
ac_cv_path_EGREP='/bin/grep -E'
ac_cv_path_GREP=/bin/grep
ac_cv_path_install='/usr/bin/install -c'
ac_cv_path_mkdir=/bin/mkdir
ac_cv_prog_AWK=gawk
ac_cv_prog_CPP='gcc -E'
ac_cv_prog_ac_ct_AR=ar
ac_cv_prog_ac_ct_CC=gcc
ac_cv_prog_ac_ct_RANLIB=ranlib
ac_cv_prog_cc_c89=
ac_cv_prog_cc_g=yes
ac_cv_prog_make_make_set=yes
ac_cv_target=x86_64-pc-linux-gnu
am_cv_CC_dependencies_compiler_type=gcc3
am_cv_GCJ_dependencies_compiler_type=none
am_cv_make_support_nested_variables=yes
am_cv_prog_cc_c_o=yes

## ----------------- ##
## Output variables. ##
## ----------------- ##

ACLOCAL='${SHELL} /h/d8/v/tpi13gku/GustavRepo/workspace_student/alarmclock/src/build_lnx/missing aclocal-1.15'
AMDEPBACKSLASH='\'
AMDEP_FALSE='#'
AMDEP_TRUE=''
AMTAR='$${TAR-tar}'
AM_BACKSLASH='\'
AM_DEFAULT_V='$(AM_DEFAULT_VERBOSITY)'
AM_DEFAULT_VERBOSITY='1'
AM_V='$(V)'
AR='ar'
AUTOCONF='${SHELL} /h/d8/v/tpi13gku/GustavRepo/workspace_student/alarmclock/src/build_lnx/missing autoconf'
AUTOHEADER='${SHELL} /h/d8/v/tpi13gku/GustavRepo/workspace_student/alarmclock/src/build_lnx/missing autoheader'
AUTOMAKE='${SHELL} /h/d8/v/tpi13gku/GustavRepo/workspace_student/alarmclock/src/build_lnx/missing automake-1.15'
AWK='gawk'
CC='gcc'
CCAS=''
CCASFLAGS=''
CCDEPMODE='depmode=gcc3'
CCLD='gcc'
CFLAGS='-pthread -I/usr/include/gtk-2.0 -I/usr/lib/x86_64-linux-gnu/gtk-2.0/include -I/usr/include/gio-unix-2.0/ -I/usr/include/cairo -I/usr/include/pango-1.0 -I/usr/include/atk-1.0 -I/usr/include/cairo -I/usr/include/pixman-1 -I/usr/include/libpng12 -I/usr/include/gdk-pixbuf-2.0 -I/usr/include/libpng12 -I/usr/include/pango-1.0 -I/usr/include/harfbuzz -I/usr/include/pango-1.0 -I/usr/include/glib-2.0 -I/usr/lib/x86_64-linux-gnu/glib-2.0/include -I/usr/include/freetype2 -O3 -g'
CPP='gcc -E'
CPPFLAGS='    -I$(J2C_HOME)/gc -I$(J2C_HOME)/javalib/include -I$(J2C_HOME)/javalib/native/pthread -w  -DJAVAMAIN=Main_main_java_lang_StringA '
CYGPATH_W='echo'
DEBUG_FALSE=''
DEBUG_TRUE='#'
DEFS='-DHAVE_CONFIG_H'
DEPDIR='.deps'
ECHO_C=''
ECHO_N='-n'
ECHO_T=''
EGREP='/bin/grep -E'
ENABLE_CPU_UTILIZATION_LOGGING_FALSE=''
ENABLE_CPU_UTILIZATION_LOGGING_TRUE='#'
ENABLE_JAVA_LANG_MATH_FALSE='#'
ENABLE_JAVA_LANG_MATH_TRUE=''
ENABLE_SE_LTH_CS_REALTIME_FALSE='#'
ENABLE_SE_LTH_CS_REALTIME_TRUE=''
ENABLE_SE_LTH_CS_ROBOT_FALSE='#'
ENABLE_SE_LTH_CS_ROBOT_TRUE=''
ENABLE_UTIL_LINUX_FALSE='#'
ENABLE_UTIL_LINUX_TRUE=''
EXEEXT=''
GCCLIBDIR=''
GCJ='gcj'
GCJDEPMODE='depmode=none'
GCJFLAGS='-g -O2'
GC_BATCH_COPY_FALSE=''
GC_BATCH_COPY_TRUE='#'
GC_INCREMENTAL_COPY_FALSE=''
GC_INCREMENTAL_COPY_TRUE='#'
GC_INCREMENTAL_MS_FALSE='#'
GC_INCREMENTAL_MS_TRUE=''
GC_NONMOVING_FALSE=''
GC_NONMOVING_TRUE='#'
GREP='/bin/grep'
HOST_ARCH=''
HOST_AVR_FALSE=''
HOST_AVR_TRUE='#'
HOST_CYGWIN_FALSE=''
HOST_CYGWIN_TRUE='#'
HOST_RTAI_KERNEL_FALSE=''
HOST_RTAI_KERNEL_TRUE='#'
HOST_STORK_FALSE=''
HOST_STORK_TRUE='#'
INSTALL_DATA='${INSTALL} -m 644'
INSTALL_PROGRAM='${INSTALL}'
INSTALL_SCRIPT='${INSTALL}'
INSTALL_STRIP_PROGRAM='$(install_sh) -c -s'
J2C_HOME='/usr/local/cs/rtp/tools/ljrt-rev312'
J2C_JAVA2CFLAGS=' --noredundantpush --deadcode-elim --with-reflection'
LDFLAGS=' '
LIBOBJS=''
LIBS='-lgtk-x11-2.0 -lgdk-x11-2.0 -lpangocairo-1.0 -latk-1.0 -lcairo -lgdk_pixbuf-2.0 -lgio-2.0 -lpangoft2-1.0 -lpango-1.0 -lgobject-2.0 -lglib-2.0 -lfontconfig -lfreetype  -lpthread -lm'
LINUX_PATH='/usr/src/linux'
LTLIBOBJS=''
MAKEINFO='${SHELL} /h/d8/v/tpi13gku/GustavRepo/workspace_student/alarmclock/src/build_lnx/missing makeinfo'
MKDIR_P='/bin/mkdir -p'
OBJEXT='o'
PACKAGE='Main'
PACKAGE_BUGREPORT=''
PACKAGE_NAME=''
PACKAGE_STRING=''
PACKAGE_TARNAME=''
PACKAGE_URL=''
PACKAGE_VERSION=''
PATH_SEPARATOR=':'
RANLIB='ranlib'
RTAI_PATH='/usr/src/rtai'
SET_MAKE=''
SHELL='/bin/bash'
STORKDIR=''
STORKLINK=''
STRIP=''
THREAD='pthread'
TOBBEDIR=''
VERSION='autotools-0.0.1'
XENO_LIB_PATH='/usr/src/xenomai'
ac_ct_CC='gcc'
ac_ct_GCJ=''
am__EXEEXT_FALSE=''
am__EXEEXT_TRUE='#'
am__fastdepCC_FALSE='#'
am__fastdepCC_TRUE=''
am__fastdepGCJ_FALSE=''
am__fastdepGCJ_TRUE='#'
am__include='include'
am__isrc=' -I$(srcdir)'
am__leading_dot='.'
am__nodep='_no'
am__quote=''
am__tar='$${TAR-tar} chof - "$$tardir"'
am__untar='$${TAR-tar} xf -'
bindir='${exec_prefix}/bin'
build='x86_64-pc-linux-gnu'
build_alias=''
build_cpu='x86_64'
build_os='linux-gnu'
build_vendor='pc'
datadir='${datarootdir}'
datarootdir='${prefix}/share'
docdir='${datarootdir}/doc/${PACKAGE}'
dvidir='${docdir}'
exec_prefix='${prefix}'
host='x86_64-pc-linux-gnu'
host_alias=''
host_cpu='x86_64'
host_os='linux-gnu'
host_vendor='pc'
htmldir='${docdir}'
includedir='${prefix}/include'
infodir='${datarootdir}/info'
install_sh='${SHELL} /h/d8/v/tpi13gku/GustavRepo/workspace_student/alarmclock/src/build_lnx/install-sh'
libdir='${exec_prefix}/lib'
libexecdir='${exec_prefix}/libexec'
localedir='${datarootdir}/locale'
localstatedir='${prefix}/var'
mandir='${datarootdir}/man'
mkdir_p='$(MKDIR_P)'
oldincludedir='/usr/include'
pdfdir='${docdir}'
prefix='/usr/local'
program_transform_name='s,x,x,'
psdir='${docdir}'
runstatedir='${localstatedir}/run'
sbindir='${exec_prefix}/sbin'
sharedstatedir='${prefix}/com'
sysconfdir='${prefix}/etc'
target='x86_64-pc-linux-gnu'
target_alias=''
target_cpu='x86_64'
target_os='linux-gnu'
target_vendor='pc'

## ----------- ##
## confdefs.h. ##
## ----------- ##

/* confdefs.h */
#define PACKAGE_NAME ""
#define PACKAGE_TARNAME ""
#define PACKAGE_VERSION ""
#define PACKAGE_STRING ""
#define PACKAGE_BUGREPORT ""
#define PACKAGE_URL ""
#define PACKAGE "Main"
#define VERSION "autotools-0.0.1"
#define JAVA_2_C 1
#define BITS64 1
#define HAS_FLOAT 1
#define LINUX 1
#define GC_NODEBUG 1
#define GC_HEAPSIZE (1000000)
#define GC_THREAD 1
#define HAS_EXCEPTIONS 2
#define GC_ALGORITHM 2
#define GC_HAS_THREADS 1
#define GC_NODEBUG 1
#define GC_IS_INCREMENTAL 1
#define GC_HAS_FINALIZERS 1
#define GC_LAZY_GET_THREAD_ROOT 1
#define GC__REF_CALL_PARAMS 1
#define _RT_NORMAL_PR_JAVA (5)
#define _RT_SCHEDULING_POSIX (2)
#define _AVR_EXT_MEM 1
#define HAS_REFLECTION 1
#define STDC_HEADERS 1

configure: exit 0
